{"uid":"e8693c655f55e8a0","name":"enablebutton","fullName":"testcases.LogInPageTest.enablebutton","historyId":"8dc2a903550ff053534cc43ac07f0016","time":{"start":1714365090506,"stop":1714365099109,"duration":8603},"status":"broken","statusMessage":"no such element: Unable to locate element: {\"method\":\"xpath\",\"selector\":\"//input[@value='লগইন']\"}\n  (Session info: chrome=124.0.6367.63)\nFor documentation on this error, please visit: https://www.selenium.dev/documentation/webdriver/troubleshooting/errors#no-such-element-exception\nBuild info: version: '4.18.1', revision: 'b1d3319b48'\nSystem info: os.name: 'Windows 10', os.arch: 'amd64', os.version: '10.0', java.version: '17.0.10'\nDriver info: org.openqa.selenium.chrome.ChromeDriver\nCommand: [ed17754e94b3de35243bec18acf46d46, findElement {value=//input[@value='লগইন'], using=xpath}]\nCapabilities {acceptInsecureCerts: false, browserName: chrome, browserVersion: 124.0.6367.63, chrome: {chromedriverVersion: 124.0.6367.91 (51df0e5e17a8..., userDataDir: C:\\Users\\DCL\\AppData\\Local\\...}, fedcm:accounts: true, goog:chromeOptions: {debuggerAddress: localhost:55526}, networkConnectionEnabled: false, pageLoadStrategy: normal, platformName: windows, proxy: Proxy(), se:cdp: ws://localhost:55526/devtoo..., se:cdpVersion: 124.0.6367.63, setWindowRect: true, strictFileInteractability: false, timeouts: {implicit: 0, pageLoad: 300000, script: 30000}, unhandledPromptBehavior: dismiss and notify, webauthn:extension:credBlob: true, webauthn:extension:largeBlob: true, webauthn:extension:minPinLength: true, webauthn:extension:prf: true, webauthn:virtualAuthenticators: true}\nSession ID: ed17754e94b3de35243bec18acf46d46","statusTrace":"org.openqa.selenium.NoSuchElementException: no such element: Unable to locate element: {\"method\":\"xpath\",\"selector\":\"//input[@value='লগইন']\"}\n  (Session info: chrome=124.0.6367.63)\nFor documentation on this error, please visit: https://www.selenium.dev/documentation/webdriver/troubleshooting/errors#no-such-element-exception\nBuild info: version: '4.18.1', revision: 'b1d3319b48'\nSystem info: os.name: 'Windows 10', os.arch: 'amd64', os.version: '10.0', java.version: '17.0.10'\nDriver info: org.openqa.selenium.chrome.ChromeDriver\nCommand: [ed17754e94b3de35243bec18acf46d46, findElement {value=//input[@value='লগইন'], using=xpath}]\nCapabilities {acceptInsecureCerts: false, browserName: chrome, browserVersion: 124.0.6367.63, chrome: {chromedriverVersion: 124.0.6367.91 (51df0e5e17a8..., userDataDir: C:\\Users\\DCL\\AppData\\Local\\...}, fedcm:accounts: true, goog:chromeOptions: {debuggerAddress: localhost:55526}, networkConnectionEnabled: false, pageLoadStrategy: normal, platformName: windows, proxy: Proxy(), se:cdp: ws://localhost:55526/devtoo..., se:cdpVersion: 124.0.6367.63, setWindowRect: true, strictFileInteractability: false, timeouts: {implicit: 0, pageLoad: 300000, script: 30000}, unhandledPromptBehavior: dismiss and notify, webauthn:extension:credBlob: true, webauthn:extension:largeBlob: true, webauthn:extension:minPinLength: true, webauthn:extension:prf: true, webauthn:virtualAuthenticators: true}\nSession ID: ed17754e94b3de35243bec18acf46d46\r\n\tat java.base/jdk.internal.reflect.NativeConstructorAccessorImpl.newInstance0(Native Method)\r\n\tat java.base/jdk.internal.reflect.NativeConstructorAccessorImpl.newInstance(NativeConstructorAccessorImpl.java:77)\r\n\tat java.base/jdk.internal.reflect.DelegatingConstructorAccessorImpl.newInstance(DelegatingConstructorAccessorImpl.java:45)\r\n\tat java.base/java.lang.reflect.Constructor.newInstanceWithCaller(Constructor.java:499)\r\n\tat java.base/java.lang.reflect.Constructor.newInstance(Constructor.java:480)\r\n\tat org.openqa.selenium.remote.ErrorCodec.decode(ErrorCodec.java:167)\r\n\tat org.openqa.selenium.remote.codec.w3c.W3CHttpResponseCodec.decode(W3CHttpResponseCodec.java:138)\r\n\tat org.openqa.selenium.remote.codec.w3c.W3CHttpResponseCodec.decode(W3CHttpResponseCodec.java:50)\r\n\tat org.openqa.selenium.remote.HttpCommandExecutor.execute(HttpCommandExecutor.java:190)\r\n\tat org.openqa.selenium.remote.service.DriverCommandExecutor.invokeExecute(DriverCommandExecutor.java:216)\r\n\tat org.openqa.selenium.remote.service.DriverCommandExecutor.execute(DriverCommandExecutor.java:174)\r\n\tat org.openqa.selenium.remote.RemoteWebDriver.execute(RemoteWebDriver.java:519)\r\n\tat org.openqa.selenium.remote.ElementLocation$ElementFinder$2.findElement(ElementLocation.java:165)\r\n\tat org.openqa.selenium.remote.ElementLocation.findElement(ElementLocation.java:59)\r\n\tat org.openqa.selenium.remote.RemoteWebDriver.findElement(RemoteWebDriver.java:356)\r\n\tat org.openqa.selenium.remote.RemoteWebDriver.findElement(RemoteWebDriver.java:350)\r\n\tat testcases.LogInPageTest.enablebutton(LogInPageTest.java:39)\r\n\tat java.base/jdk.internal.reflect.NativeMethodAccessorImpl.invoke0(Native Method)\r\n\tat java.base/jdk.internal.reflect.NativeMethodAccessorImpl.invoke(NativeMethodAccessorImpl.java:77)\r\n\tat java.base/jdk.internal.reflect.DelegatingMethodAccessorImpl.invoke(DelegatingMethodAccessorImpl.java:43)\r\n\tat java.base/java.lang.reflect.Method.invoke(Method.java:568)\r\n\tat org.testng.internal.invokers.MethodInvocationHelper.invokeMethod(MethodInvocationHelper.java:139)\r\n\tat org.testng.internal.invokers.TestInvoker.invokeMethod(TestInvoker.java:664)\r\n\tat org.testng.internal.invokers.TestInvoker.invokeTestMethod(TestInvoker.java:228)\r\n\tat org.testng.internal.invokers.MethodRunner.runInSequence(MethodRunner.java:63)\r\n\tat org.testng.internal.invokers.TestInvoker$MethodInvocationAgent.invoke(TestInvoker.java:961)\r\n\tat org.testng.internal.invokers.TestInvoker.invokeTestMethods(TestInvoker.java:201)\r\n\tat org.testng.internal.invokers.TestMethodWorker.invokeTestMethods(TestMethodWorker.java:148)\r\n\tat org.testng.internal.invokers.TestMethodWorker.run(TestMethodWorker.java:128)\r\n\tat java.base/java.util.ArrayList.forEach(ArrayList.java:1511)\r\n\tat org.testng.TestRunner.privateRun(TestRunner.java:819)\r\n\tat org.testng.TestRunner.run(TestRunner.java:619)\r\n\tat org.testng.SuiteRunner.runTest(SuiteRunner.java:443)\r\n\tat org.testng.SuiteRunner$SuiteWorker.run(SuiteRunner.java:481)\r\n\tat org.testng.internal.thread.ThreadUtil.lambda$execute$0(ThreadUtil.java:58)\r\n\tat java.base/java.util.concurrent.FutureTask.run(FutureTask.java:264)\r\n\tat java.base/java.util.concurrent.ThreadPoolExecutor.runWorker(ThreadPoolExecutor.java:1136)\r\n\tat java.base/java.util.concurrent.ThreadPoolExecutor$Worker.run(ThreadPoolExecutor.java:635)\r\n\tat java.base/java.lang.Thread.run(Thread.java:840)\r\n","flaky":false,"newFailed":false,"newBroken":false,"newPassed":false,"retriesCount":9,"retriesStatusChange":true,"beforeStages":[{"name":"setBrowser","time":{"start":1714364973882,"stop":1714364976125,"duration":2243},"description":"","status":"passed","steps":[],"attachments":[],"parameters":[],"attachmentsCount":0,"shouldDisplayMessage":false,"hasContent":false,"stepsCount":0,"attachmentStep":false}],"testStage":{"status":"broken","statusMessage":"no such element: Unable to locate element: {\"method\":\"xpath\",\"selector\":\"//input[@value='লগইন']\"}\n  (Session info: chrome=124.0.6367.63)\nFor documentation on this error, please visit: https://www.selenium.dev/documentation/webdriver/troubleshooting/errors#no-such-element-exception\nBuild info: version: '4.18.1', revision: 'b1d3319b48'\nSystem info: os.name: 'Windows 10', os.arch: 'amd64', os.version: '10.0', java.version: '17.0.10'\nDriver info: org.openqa.selenium.chrome.ChromeDriver\nCommand: [ed17754e94b3de35243bec18acf46d46, findElement {value=//input[@value='লগইন'], using=xpath}]\nCapabilities {acceptInsecureCerts: false, browserName: chrome, browserVersion: 124.0.6367.63, chrome: {chromedriverVersion: 124.0.6367.91 (51df0e5e17a8..., userDataDir: C:\\Users\\DCL\\AppData\\Local\\...}, fedcm:accounts: true, goog:chromeOptions: {debuggerAddress: localhost:55526}, networkConnectionEnabled: false, pageLoadStrategy: normal, platformName: windows, proxy: Proxy(), se:cdp: ws://localhost:55526/devtoo..., se:cdpVersion: 124.0.6367.63, setWindowRect: true, strictFileInteractability: false, timeouts: {implicit: 0, pageLoad: 300000, script: 30000}, unhandledPromptBehavior: dismiss and notify, webauthn:extension:credBlob: true, webauthn:extension:largeBlob: true, webauthn:extension:minPinLength: true, webauthn:extension:prf: true, webauthn:virtualAuthenticators: true}\nSession ID: ed17754e94b3de35243bec18acf46d46","statusTrace":"org.openqa.selenium.NoSuchElementException: no such element: Unable to locate element: {\"method\":\"xpath\",\"selector\":\"//input[@value='লগইন']\"}\n  (Session info: chrome=124.0.6367.63)\nFor documentation on this error, please visit: https://www.selenium.dev/documentation/webdriver/troubleshooting/errors#no-such-element-exception\nBuild info: version: '4.18.1', revision: 'b1d3319b48'\nSystem info: os.name: 'Windows 10', os.arch: 'amd64', os.version: '10.0', java.version: '17.0.10'\nDriver info: org.openqa.selenium.chrome.ChromeDriver\nCommand: [ed17754e94b3de35243bec18acf46d46, findElement {value=//input[@value='লগইন'], using=xpath}]\nCapabilities {acceptInsecureCerts: false, browserName: chrome, browserVersion: 124.0.6367.63, chrome: {chromedriverVersion: 124.0.6367.91 (51df0e5e17a8..., userDataDir: C:\\Users\\DCL\\AppData\\Local\\...}, fedcm:accounts: true, goog:chromeOptions: {debuggerAddress: localhost:55526}, networkConnectionEnabled: false, pageLoadStrategy: normal, platformName: windows, proxy: Proxy(), se:cdp: ws://localhost:55526/devtoo..., se:cdpVersion: 124.0.6367.63, setWindowRect: true, strictFileInteractability: false, timeouts: {implicit: 0, pageLoad: 300000, script: 30000}, unhandledPromptBehavior: dismiss and notify, webauthn:extension:credBlob: true, webauthn:extension:largeBlob: true, webauthn:extension:minPinLength: true, webauthn:extension:prf: true, webauthn:virtualAuthenticators: true}\nSession ID: ed17754e94b3de35243bec18acf46d46\r\n\tat java.base/jdk.internal.reflect.NativeConstructorAccessorImpl.newInstance0(Native Method)\r\n\tat java.base/jdk.internal.reflect.NativeConstructorAccessorImpl.newInstance(NativeConstructorAccessorImpl.java:77)\r\n\tat java.base/jdk.internal.reflect.DelegatingConstructorAccessorImpl.newInstance(DelegatingConstructorAccessorImpl.java:45)\r\n\tat java.base/java.lang.reflect.Constructor.newInstanceWithCaller(Constructor.java:499)\r\n\tat java.base/java.lang.reflect.Constructor.newInstance(Constructor.java:480)\r\n\tat org.openqa.selenium.remote.ErrorCodec.decode(ErrorCodec.java:167)\r\n\tat org.openqa.selenium.remote.codec.w3c.W3CHttpResponseCodec.decode(W3CHttpResponseCodec.java:138)\r\n\tat org.openqa.selenium.remote.codec.w3c.W3CHttpResponseCodec.decode(W3CHttpResponseCodec.java:50)\r\n\tat org.openqa.selenium.remote.HttpCommandExecutor.execute(HttpCommandExecutor.java:190)\r\n\tat org.openqa.selenium.remote.service.DriverCommandExecutor.invokeExecute(DriverCommandExecutor.java:216)\r\n\tat org.openqa.selenium.remote.service.DriverCommandExecutor.execute(DriverCommandExecutor.java:174)\r\n\tat org.openqa.selenium.remote.RemoteWebDriver.execute(RemoteWebDriver.java:519)\r\n\tat org.openqa.selenium.remote.ElementLocation$ElementFinder$2.findElement(ElementLocation.java:165)\r\n\tat org.openqa.selenium.remote.ElementLocation.findElement(ElementLocation.java:59)\r\n\tat org.openqa.selenium.remote.RemoteWebDriver.findElement(RemoteWebDriver.java:356)\r\n\tat org.openqa.selenium.remote.RemoteWebDriver.findElement(RemoteWebDriver.java:350)\r\n\tat testcases.LogInPageTest.enablebutton(LogInPageTest.java:39)\r\n\tat java.base/jdk.internal.reflect.NativeMethodAccessorImpl.invoke0(Native Method)\r\n\tat java.base/jdk.internal.reflect.NativeMethodAccessorImpl.invoke(NativeMethodAccessorImpl.java:77)\r\n\tat java.base/jdk.internal.reflect.DelegatingMethodAccessorImpl.invoke(DelegatingMethodAccessorImpl.java:43)\r\n\tat java.base/java.lang.reflect.Method.invoke(Method.java:568)\r\n\tat org.testng.internal.invokers.MethodInvocationHelper.invokeMethod(MethodInvocationHelper.java:139)\r\n\tat org.testng.internal.invokers.TestInvoker.invokeMethod(TestInvoker.java:664)\r\n\tat org.testng.internal.invokers.TestInvoker.invokeTestMethod(TestInvoker.java:228)\r\n\tat org.testng.internal.invokers.MethodRunner.runInSequence(MethodRunner.java:63)\r\n\tat org.testng.internal.invokers.TestInvoker$MethodInvocationAgent.invoke(TestInvoker.java:961)\r\n\tat org.testng.internal.invokers.TestInvoker.invokeTestMethods(TestInvoker.java:201)\r\n\tat org.testng.internal.invokers.TestMethodWorker.invokeTestMethods(TestMethodWorker.java:148)\r\n\tat org.testng.internal.invokers.TestMethodWorker.run(TestMethodWorker.java:128)\r\n\tat java.base/java.util.ArrayList.forEach(ArrayList.java:1511)\r\n\tat org.testng.TestRunner.privateRun(TestRunner.java:819)\r\n\tat org.testng.TestRunner.run(TestRunner.java:619)\r\n\tat org.testng.SuiteRunner.runTest(SuiteRunner.java:443)\r\n\tat org.testng.SuiteRunner$SuiteWorker.run(SuiteRunner.java:481)\r\n\tat org.testng.internal.thread.ThreadUtil.lambda$execute$0(ThreadUtil.java:58)\r\n\tat java.base/java.util.concurrent.FutureTask.run(FutureTask.java:264)\r\n\tat java.base/java.util.concurrent.ThreadPoolExecutor.runWorker(ThreadPoolExecutor.java:1136)\r\n\tat java.base/java.util.concurrent.ThreadPoolExecutor$Worker.run(ThreadPoolExecutor.java:635)\r\n\tat java.base/java.lang.Thread.run(Thread.java:840)\r\n","steps":[],"attachments":[{"uid":"10fc1925885cc64e","name":"Clicklogin","source":"10fc1925885cc64e.png","type":"image/png","size":63545}],"parameters":[],"attachmentsCount":1,"shouldDisplayMessage":true,"hasContent":true,"stepsCount":0,"attachmentStep":false},"afterStages":[{"name":"quitBrowser","time":{"start":1714365114715,"stop":1714365115065,"duration":350},"description":"","status":"passed","steps":[],"attachments":[],"parameters":[],"attachmentsCount":0,"shouldDisplayMessage":false,"hasContent":false,"stepsCount":0,"attachmentStep":false}],"labels":[{"name":"package","value":"testcases.LogInPageTest"},{"name":"testClass","value":"testcases.LogInPageTest"},{"name":"testMethod","value":"enablebutton"},{"name":"parentSuite","value":"Suite"},{"name":"suite","value":"Test"},{"name":"subSuite","value":"testcases.LogInPageTest"},{"name":"host","value":"DESKTOP-E4BMV6L"},{"name":"thread","value":"19208@DESKTOP-E4BMV6L.TestNG-tests-1(18)"},{"name":"framework","value":"testng"},{"name":"language","value":"java"},{"name":"resultFormat","value":"allure2"}],"parameters":[],"links":[],"hidden":false,"retry":false,"extra":{"severity":"normal","retries":[{"uid":"7b4ea64bbf4d3839","status":"passed","time":{"start":1714364491243,"stop":1714364494422,"duration":3179}},{"uid":"937412a42135c3db","status":"broken","statusDetails":"no such element: Unable to locate element: {\"method\":\"xpath\",\"selector\":\"//input[@value='লগইন']\"}\n  (Session info: chrome=124.0.6367.63)\nFor documentation on this error, please visit: https://www.selenium.dev/documentation/webdriver/troubleshooting/errors#no-such-element-exception\nBuild info: version: '4.18.1', revision: 'b1d3319b48'\nSystem info: os.name: 'Windows 10', os.arch: 'amd64', os.version: '10.0', java.version: '17.0.10'\nDriver info: org.openqa.selenium.chrome.ChromeDriver\nCommand: [589714785dbfee000fbce9e99fce34b2, findElement {using=xpath, value=//input[@value='লগইন']}]\nCapabilities {acceptInsecureCerts: false, browserName: chrome, browserVersion: 124.0.6367.63, chrome: {chromedriverVersion: 124.0.6367.91 (51df0e5e17a8..., userDataDir: C:\\Users\\DCL\\AppData\\Local\\...}, fedcm:accounts: true, goog:chromeOptions: {debuggerAddress: localhost:55139}, networkConnectionEnabled: false, pageLoadStrategy: normal, platformName: windows, proxy: Proxy(), se:cdp: ws://localhost:55139/devtoo..., se:cdpVersion: 124.0.6367.63, setWindowRect: true, strictFileInteractability: false, timeouts: {implicit: 0, pageLoad: 300000, script: 30000}, unhandledPromptBehavior: dismiss and notify, webauthn:extension:credBlob: true, webauthn:extension:largeBlob: true, webauthn:extension:minPinLength: true, webauthn:extension:prf: true, webauthn:virtualAuthenticators: true}\nSession ID: 589714785dbfee000fbce9e99fce34b2","time":{"start":1714364034787,"stop":1714364043138,"duration":8351}},{"uid":"30b0668c745cf31a","status":"broken","statusDetails":"no such element: Unable to locate element: {\"method\":\"xpath\",\"selector\":\"//input[@value='লগইন']\"}\n  (Session info: chrome=124.0.6367.63)\nFor documentation on this error, please visit: https://www.selenium.dev/documentation/webdriver/troubleshooting/errors#no-such-element-exception\nBuild info: version: '4.18.1', revision: 'b1d3319b48'\nSystem info: os.name: 'Windows 10', os.arch: 'amd64', os.version: '10.0', java.version: '17.0.10'\nDriver info: org.openqa.selenium.chrome.ChromeDriver\nCommand: [4b3bf042d6c66ba7b1b464dc29e16927, findElement {value=//input[@value='লগইন'], using=xpath}]\nCapabilities {acceptInsecureCerts: false, browserName: chrome, browserVersion: 124.0.6367.63, chrome: {chromedriverVersion: 124.0.6367.91 (51df0e5e17a8..., userDataDir: C:\\Users\\DCL\\AppData\\Local\\...}, fedcm:accounts: true, goog:chromeOptions: {debuggerAddress: localhost:54801}, networkConnectionEnabled: false, pageLoadStrategy: normal, platformName: windows, proxy: Proxy(), se:cdp: ws://localhost:54801/devtoo..., se:cdpVersion: 124.0.6367.63, setWindowRect: true, strictFileInteractability: false, timeouts: {implicit: 0, pageLoad: 300000, script: 30000}, unhandledPromptBehavior: dismiss and notify, webauthn:extension:credBlob: true, webauthn:extension:largeBlob: true, webauthn:extension:minPinLength: true, webauthn:extension:prf: true, webauthn:virtualAuthenticators: true}\nSession ID: 4b3bf042d6c66ba7b1b464dc29e16927","time":{"start":1714362825876,"stop":1714362834540,"duration":8664}},{"uid":"47e388c574733302","status":"broken","statusDetails":"no such window: target window already closed\nfrom unknown error: web view not found\n  (Session info: chrome=124.0.6367.63)\nBuild info: version: '4.18.1', revision: 'b1d3319b48'\nSystem info: os.name: 'Windows 10', os.arch: 'amd64', os.version: '10.0', java.version: '17.0.10'\nDriver info: org.openqa.selenium.chrome.ChromeDriver\nCommand: [0e016887895e28242437b616d5dcf4ba, get {url=https://www.wafilife.com/}]\nCapabilities {acceptInsecureCerts: false, browserName: chrome, browserVersion: 124.0.6367.63, chrome: {chromedriverVersion: 124.0.6367.91 (51df0e5e17a8..., userDataDir: C:\\Users\\DCL\\AppData\\Local\\...}, fedcm:accounts: true, goog:chromeOptions: {debuggerAddress: localhost:54668}, networkConnectionEnabled: false, pageLoadStrategy: normal, platformName: windows, proxy: Proxy(), se:cdp: ws://localhost:54668/devtoo..., se:cdpVersion: 124.0.6367.63, setWindowRect: true, strictFileInteractability: false, timeouts: {implicit: 0, pageLoad: 300000, script: 30000}, unhandledPromptBehavior: dismiss and notify, webauthn:extension:credBlob: true, webauthn:extension:largeBlob: true, webauthn:extension:minPinLength: true, webauthn:extension:prf: true, webauthn:virtualAuthenticators: true}\nSession ID: 0e016887895e28242437b616d5dcf4ba","time":{"start":1714361871023,"stop":1714361871028,"duration":5}},{"uid":"1d7d33a15c5e20d6","status":"broken","statusDetails":"element not interactable\n  (Session info: chrome=124.0.6367.63)\nBuild info: version: '4.18.1', revision: 'b1d3319b48'\nSystem info: os.name: 'Windows 10', os.arch: 'amd64', os.version: '10.0', java.version: '17.0.10'\nDriver info: org.openqa.selenium.chrome.ChromeDriver\nCommand: [ffd13739288a1e6b61fdd54847fafba1, clickElement {id=f.CE7390667CB12003E7160FED9308B606.d.53D0C949093D29B6F7F7F7195D107C07.e.131871}]\nCapabilities {acceptInsecureCerts: false, browserName: chrome, browserVersion: 124.0.6367.63, chrome: {chromedriverVersion: 124.0.6367.91 (51df0e5e17a8..., userDataDir: C:\\Users\\DCL\\AppData\\Local\\...}, fedcm:accounts: true, goog:chromeOptions: {debuggerAddress: localhost:54178}, networkConnectionEnabled: false, pageLoadStrategy: normal, platformName: windows, proxy: Proxy(), se:cdp: ws://localhost:54178/devtoo..., se:cdpVersion: 124.0.6367.63, setWindowRect: true, strictFileInteractability: false, timeouts: {implicit: 0, pageLoad: 300000, script: 30000}, unhandledPromptBehavior: dismiss and notify, webauthn:extension:credBlob: true, webauthn:extension:largeBlob: true, webauthn:extension:minPinLength: true, webauthn:extension:prf: true, webauthn:virtualAuthenticators: true}\nElement: [[ChromeDriver: chrome on windows (ffd13739288a1e6b61fdd54847fafba1)] -> xpath: //a[@title='আমার অ্যাকাউন্ট']]\nSession ID: ffd13739288a1e6b61fdd54847fafba1","time":{"start":1714360912441,"stop":1714360919358,"duration":6917}},{"uid":"44293b8826cf37f4","status":"skipped","statusDetails":"Unable to establish websocket connection to http://localhost:51851/devtools/browser/67f24147-8c43-4a70-ae69-7ec6ea3bcb31\nBuild info: version: '4.7.2', revision: '4d4020c3b7'\nSystem info: os.name: 'Windows 10', os.arch: 'amd64', os.version: '10.0', java.version: '17.0.10'\nDriver info: driver.version: BaseDriver","time":{"start":1714359045050,"stop":1714359045051,"duration":1}},{"uid":"d4ccbf45d11a2280","status":"skipped","statusDetails":"Unable to establish websocket connection to http://localhost:51794/devtools/browser/78eb08ec-511b-45fd-b3cd-fcf0f5cae2b7\nBuild info: version: '4.7.2', revision: '4d4020c3b7'\nSystem info: os.name: 'Windows 10', os.arch: 'amd64', os.version: '10.0', java.version: '17.0.10'\nDriver info: driver.version: BaseDriver","time":{"start":1714358594926,"stop":1714358594927,"duration":1}},{"uid":"81a13f951019f922","status":"skipped","statusDetails":"Unable to establish websocket connection to http://localhost:51755/devtools/browser/03655e8b-da35-421f-ba1c-851cb33f3b53\nBuild info: version: '4.7.2', revision: '4d4020c3b7'\nSystem info: os.name: 'Windows 10', os.arch: 'amd64', os.version: '10.0', java.version: '17.0.10'\nDriver info: driver.version: BaseDriver","time":{"start":1714358488244,"stop":1714358488245,"duration":1}},{"uid":"14b8f103fc665755","status":"skipped","statusDetails":"Unable to establish websocket connection to http://localhost:51687/devtools/browser/f0d69cfa-d8bc-4b3a-8a97-a508ff5f7b33\nBuild info: version: '4.7.2', revision: '4d4020c3b7'\nSystem info: os.name: 'Windows 10', os.arch: 'amd64', os.version: '10.0', java.version: '17.0.10'\nDriver info: driver.version: BaseDriver","time":{"start":1714358438573,"stop":1714358438573,"duration":0}}],"categories":[{"name":"Test defects","matchedStatuses":[],"flaky":false}],"tags":[]},"source":"e8693c655f55e8a0.json","parameterValues":[]}